2025-11-11 14:06:38, MOVE, v:1, k:poo@budega, mode:PICK
2025-11-11 14:06:42, EXEC, v:1, k:poo@budega, mode:FULL, rate:100
2025-11-11 14:06:44, MOVE, v:1, k:poo@budega, mode:BACK
2025-11-11 14:07:09, MOVE, v:1, k:poo@lapiseira, mode:DOWN
2025-11-11 14:07:10, MOVE, v:1, k:poo@lapiseira, mode:PICK
2025-11-11 14:07:15, EXEC, v:1, k:poo@lapiseira, mode:FULL, rate:0, size:0
2025-11-11 14:07:15, MOVE, v:1, k:poo@lapiseira, mode:BACK
2025-11-11 14:07:19, MOVE, v:1, k:poo@pula-pula, mode:PICK
2025-11-11 14:07:22, EXEC, v:1, k:poo@pula-pula, mode:FULL, rate:0, size:0
2025-11-11 14:07:22, MOVE, v:1, k:poo@pula-pula, mode:BACK
2025-11-11 14:07:28, MOVE, v:1, k:poo@cinema, mode:DOWN
2025-11-11 14:07:29, MOVE, v:1, k:poo@cinema, mode:PICK
2025-11-11 14:07:33, EXEC, v:1, k:poo@cinema, mode:FULL, rate:0, size:0
2025-11-11 14:07:34, MOVE, v:1, k:poo@cinema, mode:BACK
2025-11-11 14:07:36, MOVE, v:1, k:poo@tabuleiro, mode:DOWN
2025-11-11 14:07:36, MOVE, v:1, k:poo@tabuleiro, mode:PICK
2025-11-11 14:07:40, EXEC, v:1, k:poo@tabuleiro, mode:FULL, rate:0, size:0
2025-11-11 14:07:41, MOVE, v:1, k:poo@tabuleiro, mode:BACK
2025-11-11 14:07:43, MOVE, v:1, k:poo@junkfood, mode:DOWN
2025-11-11 14:07:43, MOVE, v:1, k:poo@junkfood, mode:PICK
2025-11-11 14:07:52, EXEC, v:1, k:poo@junkfood, mode:FULL, rate:0, size:0
2025-11-11 14:07:52, MOVE, v:1, k:poo@junkfood, mode:BACK
2025-11-11 14:07:58, MOVE, v:1, k:poo@array, mode:DOWN
2025-11-11 14:07:58, MOVE, v:1, k:poo@array, mode:PICK
2025-11-11 14:08:00, EXEC, v:1, k:poo@array, mode:LOCK, rate:100, size:0
2025-11-11 15:51:38, MOVE, v:1, k:poo@pula-pula, mode:PICK
2025-11-11 15:51:41, EXEC, v:1, k:poo@pula-pula, mode:FULL, rate:0
2025-11-11 16:08:44, EXEC, v:1, k:poo@pula-pula, mode:FULL, rate:0, size:41
2025-11-11 16:11:17, EXEC, v:1, k:poo@pula-pula, mode:FULL, rate:0, size:44
2025-11-11 16:11:21, EXEC, v:1, k:poo@pula-pula, mode:FREE
2025-11-11 16:12:49, EXEC, v:1, k:poo@pula-pula, mode:FULL, rate:0, size:44
2025-11-11 16:14:33, EXEC, v:1, k:poo@pula-pula, mode:FULL, rate:0, size:46
2025-11-11 16:19:49, EXEC, v:1, k:poo@pula-pula, mode:FULL, rate:0, size:51
2025-11-11 16:20:07, EXEC, v:1, k:poo@pula-pula, mode:FULL, rate:0, size:51
2025-11-11 16:21:18, EXEC, v:1, k:poo@pula-pula, mode:FULL, rate:0, size:51
2025-11-11 16:21:56, EXEC, v:1, k:poo@pula-pula, mode:FULL, rate:0, size:51
2025-11-11 16:22:11, MOVE, v:1, k:poo@pula-pula, mode:BACK
2025-11-11 16:22:13, MOVE, v:1, k:poo@pula-pula, mode:PICK
2025-11-11 16:22:16, EXEC, v:1, k:poo@pula-pula, mode:FULL, rate:0
2025-11-11 16:37:48, EXEC, v:1, k:poo@pula-pula, mode:FULL, rate:0, size:53
2025-11-11 16:41:58, EXEC, v:1, k:poo@pula-pula, mode:FULL, rate:0
2025-11-11 16:42:41, EXEC, v:1, k:poo@pula-pula, mode:FULL, rate:0, size:53
2025-11-11 16:43:03, EXEC, v:1, k:poo@pula-pula, mode:FULL, rate:10, size:53
2025-11-11 16:44:49, EXEC, v:1, k:poo@pula-pula, mode:FULL, rate:20, size:53
2025-11-11 16:44:58, MOVE, v:1, k:poo@pula-pula, mode:BACK
2025-11-11 16:45:02, MOVE, v:1, k:poo@pula-pula, mode:PICK
2025-11-11 16:45:05, EXEC, v:1, k:poo@pula-pula, mode:FULL, rate:20
2025-11-11 16:47:05, EXEC, v:1, k:poo@pula-pula, mode:FULL, rate:10, size:58
2025-11-11 16:48:00, EXEC, v:1, k:poo@pula-pula, mode:FULL, rate:10, size:58
2025-11-11 16:49:02, EXEC, v:1, k:poo@pula-pula, mode:FULL, rate:10
2025-11-11 16:49:52, EXEC, v:1, k:poo@pula-pula, mode:FULL, rate:20, size:58
2025-11-11 16:50:16, EXEC, v:1, k:poo@pula-pula, mode:FULL, rate:20, size:58
2025-11-11 16:50:35, EXEC, v:1, k:poo@pula-pula, mode:FULL, rate:20, size:59
2025-11-11 16:52:18, EXEC, v:1, k:poo@pula-pula, mode:FULL, rate:40, size:60
2025-11-11 16:53:38, EXEC, v:1, k:poo@pula-pula, mode:FULL, rate:50, size:60
2025-11-11 16:55:08, EXEC, v:1, k:poo@pula-pula, mode:FULL, rate:60, size:67
2025-11-11 16:56:15, EXEC, v:1, k:poo@pula-pula, mode:FULL, rate:60, size:69
2025-11-11 16:57:56, EXEC, v:1, k:poo@pula-pula, mode:FULL, rate:60, size:70
2025-11-11 16:58:40, EXEC, v:1, k:poo@pula-pula, mode:FULL, rate:60, size:71
2025-11-11 16:58:48, EXEC, v:1, k:poo@pula-pula, mode:FULL, rate:60, size:70
2025-11-11 17:01:34, EXEC, v:1, k:poo@pula-pula, mode:FULL, rate:60, size:81
2025-11-11 17:02:11, MOVE, v:1, k:poo@pula-pula, mode:BACK
2025-11-11 17:02:15, MOVE, v:1, k:poo@pula-pula, mode:PICK
2025-11-11 17:02:17, EXEC, v:1, k:poo@pula-pula, mode:FULL, rate:60
2025-11-11 17:04:14, EXEC, v:1, k:poo@pula-pula, mode:FULL, rate:60, size:81
2025-11-11 17:07:13, EXEC, v:1, k:poo@pula-pula, mode:FULL, rate:60, size:79
2025-11-11 17:07:20, EXEC, v:1, k:poo@pula-pula, mode:FULL, rate:60, size:79
2025-11-11 17:08:50, EXEC, v:1, k:poo@pula-pula, mode:FULL, rate:60, size:83
2025-11-11 17:10:02, EXEC, v:1, k:poo@pula-pula, mode:FULL, rate:70, size:83
2025-11-11 17:10:44, MOVE, v:1, k:poo@pula-pula, mode:BACK
2025-11-11 17:11:00, MOVE, v:1, k:poo@pula-pula, mode:PICK
2025-11-11 17:11:05, EXEC, v:1, k:poo@pula-pula, mode:FULL, rate:0, size:82
2025-11-11 17:11:24, EXEC, v:1, k:poo@pula-pula, mode:FULL, rate:0, size:83
2025-11-11 17:11:27, MOVE, v:1, k:poo@pula-pula, mode:BACK
2025-11-11 17:11:29, MOVE, v:1, k:poo@pula-pula, mode:PICK
2025-11-11 17:11:30, EXEC, v:1, k:poo@pula-pula, mode:FULL, rate:0
2025-11-11 17:11:43, EXEC, v:1, k:poo@pula-pula, mode:FULL, rate:0, size:83
2025-11-11 17:11:59, EXEC, v:1, k:poo@pula-pula, mode:FULL, rate:0, size:83
2025-11-11 17:12:05, EXEC, v:1, k:poo@pula-pula, mode:FULL, rate:0, size:83
2025-11-11 17:12:11, EXEC, v:1, k:poo@pula-pula, mode:FULL, rate:10, size:83
2025-11-11 17:12:18, EXEC, v:1, k:poo@pula-pula, mode:FULL, rate:70, size:83
2025-11-11 17:12:19, MOVE, v:1, k:poo@pula-pula, mode:BACK
2025-11-11 17:15:59, MOVE, v:1, k:poo@pula-pula, mode:PICK
2025-11-11 17:16:02, EXEC, v:1, k:poo@pula-pula, mode:FULL, rate:70
2025-11-11 17:16:53, EXEC, v:1, k:poo@pula-pula, mode:FULL, rate:90, size:82
2025-11-11 17:18:30, EXEC, v:1, k:poo@pula-pula, mode:FULL, rate:100, size:83
